<?xml version="1.0" encoding="UTF-8"?>
<!-- Generated by org.testng.reporters.JUnitReportReporter -->
<testsuite hostname="TCLIN53" failures="0" tests="1" name="PageObjectModel.LoginPage" time="14.222" errors="0" timestamp="2023-04-13T14:14:24 IST" skipped="0">
  <testcase classname="PageObjectModel.LoginPage" name="login" time="14.222"/>
  <system-out/>
</testsuite> <!-- PageObjectModel.LoginPage -->
