<?xml version="1.0" encoding="UTF-8"?>
<!-- Generated by org.testng.reporters.JUnitReportReporter -->
<testsuite hostname="TCLIN53" failures="0" tests="1" name="pil.automation.LMS.LMSproject" time="10.252" errors="0" timestamp="2023-04-04T16:34:41 IST" skipped="0">
  <testcase classname="pil.automation.LMS.LMSproject" name="Booking" time="10.252"/>
  <system-out/>
</testsuite> <!-- pil.automation.LMS.LMSproject -->
