<?xml version="1.0" encoding="UTF-8"?>
<!-- Generated by org.testng.reporters.JUnitReportReporter -->
<testsuite hostname="TCLIN53" failures="0" tests="1" name="pil.automation.LMS.Loginpage" time="17.659" errors="0" timestamp="2023-04-12T12:19:08 IST" skipped="0">
  <testcase classname="pil.automation.LMS.Loginpage" name="login" time="17.659"/>
  <system-out/>
</testsuite> <!-- pil.automation.LMS.Loginpage -->
